#
# There is insufficient memory for the Java Runtime Environment to continue.
# Native memory allocation (malloc) failed to allocate 686096 bytes for Chunk::new
# Possible reasons:
#   The system is out of physical RAM or swap space
#   The process is running with CompressedOops enabled, and the Java Heap may be blocking the growth of the native heap
# Possible solutions:
#   Reduce memory load on the system
#   Increase physical memory or swap space
#   Check if swap backing store is full
#   Decrease Java heap size (-Xmx/-Xms)
#   Decrease number of Java threads
#   Decrease Java thread stack sizes (-Xss)
#   Set larger code cache with -XX:ReservedCodeCacheSize=
#   JVM is running with Unscaled Compressed Oops mode in which the Java heap is
#     placed in the first 4GB address space. The Java Heap base address is the
#     maximum limit for the native heap growth. Please use -XX:HeapBaseMinAddress
#     to set the Java Heap base and to place the Java Heap above 4GB virtual address.
# This output file may be truncated or incomplete.
#
#  Out of Memory Error (allocation.cpp:389), pid=18012, tid=0x000000000000306c
#
# JRE version: OpenJDK Runtime Environment (8.0_345-b01) (build 1.8.0_345-b01)
# Java VM: OpenJDK 64-Bit Server VM (25.345-b01 mixed mode windows-amd64 compressed oops)
# Failed to write core dump. Minidumps are not enabled by default on client versions of Windows
#

---------------  T H R E A D  ---------------

Current thread (0x000001775fa91800):  JavaThread "C2 CompilerThread0" daemon [_thread_in_native, id=12396, stack(0x00000065a0800000,0x00000065a0900000)]

Stack: [0x00000065a0800000,0x00000065a0900000]
[error occurred during error reporting (printing stack bounds), id 0xc0000005]

Native frames: (J=compiled Java code, j=interpreted, Vv=VM code, C=native code)


Current CompileTask:
C2:   2271 3213       4       java.net.URLClassLoader$1::run (5 bytes)


---------------  P R O C E S S  ---------------

Java Threads: ( => current thread )
  0x00000177650ef000 JavaThread "Memory manager" [_thread_blocked, id=2616, stack(0x00000065a2e00000,0x00000065a2f00000)]
  0x00000177650ef800 JavaThread "Cache worker for Build Output Cleanup Cache (C:\Users\Dallas\Documents\SupernaturalsPlugin\.gradle\buildOutputCleanup)" [_thread_blocked, id=13868, stack(0x00000065a2d00000,0x00000065a2e00000)]
  0x00000177650ee000 JavaThread "jar transforms Thread 9" [_thread_blocked, id=10808, stack(0x00000065a2c00000,0x00000065a2d00000)]
  0x00000177650f5000 JavaThread "Cache worker for dependencies-accessors (C:\Users\Dallas\Documents\SupernaturalsPlugin\.gradle\7.4\dependencies-accessors)" [_thread_blocked, id=14172, stack(0x00000065a2b00000,0x00000065a2c00000)]
  0x00000177650f4800 JavaThread "jar transforms Thread 8" [_thread_blocked, id=21024, stack(0x00000065a2a00000,0x00000065a2b00000)]
  0x00000177650f0800 JavaThread "jar transforms Thread 7" [_thread_blocked, id=19480, stack(0x00000065a2900000,0x00000065a2a00000)]
  0x00000177650f1000 JavaThread "jar transforms Thread 6" [_thread_blocked, id=14672, stack(0x00000065a2800000,0x00000065a2900000)]
  0x00000177650f3000 JavaThread "jar transforms Thread 5" [_thread_blocked, id=3220, stack(0x00000065a2700000,0x00000065a2800000)]
  0x00000177650f3800 JavaThread "jar transforms Thread 4" [_thread_blocked, id=18892, stack(0x00000065a2600000,0x00000065a2700000)]
  0x00000177650f2000 JavaThread "jar transforms Thread 3" [_thread_blocked, id=21572, stack(0x00000065a2500000,0x00000065a2600000)]
  0x000001776176b800 JavaThread "Cache worker for file content cache (C:\Users\Dallas\.gradle\caches\7.4\fileContent)" [_thread_blocked, id=3064, stack(0x00000065a2400000,0x00000065a2500000)]
  0x000001776176c000 JavaThread "jar transforms Thread 2" [_thread_blocked, id=10484, stack(0x00000065a2300000,0x00000065a2400000)]
  0x000001776176a800 JavaThread "jar transforms" [_thread_blocked, id=3340, stack(0x00000065a2200000,0x00000065a2300000)]
  0x000001776176a000 JavaThread "Cache worker for execution history cache (C:\Users\Dallas\.gradle\caches\7.4\executionHistory)" [_thread_blocked, id=12704, stack(0x00000065a2100000,0x00000065a2200000)]
  0x0000017761767800 JavaThread "Cache worker for cache directory md-supplier (C:\Users\Dallas\.gradle\caches\7.4\md-supplier)" [_thread_blocked, id=14068, stack(0x00000065a2000000,0x00000065a2100000)]
  0x000001776176d000 JavaThread "Cache worker for file hash cache (C:\Users\Dallas\Documents\SupernaturalsPlugin\.gradle\7.4\fileHashes)" [_thread_blocked, id=15276, stack(0x00000065a1f00000,0x00000065a2000000)]
  0x000001776176e000 JavaThread "Cache worker for cache directory md-rule (C:\Users\Dallas\.gradle\caches\7.4\md-rule)" [_thread_blocked, id=16300, stack(0x00000065a1e00000,0x00000065a1f00000)]
  0x0000017761769000 JavaThread "Cache worker for checksums cache (C:\Users\Dallas\Documents\SupernaturalsPlugin\.gradle\7.4\checksums)" [_thread_blocked, id=3440, stack(0x00000065a1d00000,0x00000065a1e00000)]
  0x000001775faa6800 JavaThread "File watcher consumer" daemon [_thread_blocked, id=11604, stack(0x00000065a1c00000,0x00000065a1d00000)]
  0x000001775faa4000 JavaThread "File watcher server" daemon [_thread_in_native, id=8556, stack(0x00000065a1b00000,0x00000065a1c00000)]
  0x000001775faa3800 JavaThread "Cache worker for file hash cache (C:\Users\Dallas\.gradle\caches\7.4\fileHashes)" [_thread_blocked, id=3460, stack(0x00000065a1a00000,0x00000065a1b00000)]
  0x000001775faa2800 JavaThread "File lock request listener" [_thread_in_native, id=11952, stack(0x00000065a1900000,0x00000065a1a00000)]
  0x000001775faa5000 JavaThread "Cache worker for journal cache (C:\Users\Dallas\.gradle\caches\journal-1)" [_thread_blocked, id=20964, stack(0x00000065a1800000,0x00000065a1900000)]
  0x000001775faa0000 JavaThread "Daemon client event forwarder" [_thread_blocked, id=5548, stack(0x00000065a1700000,0x00000065a1800000)]
  0x0000017762cc4000 JavaThread "Stdin handler" [_thread_blocked, id=22356, stack(0x00000065a1600000,0x00000065a1700000)]
  0x0000017762cbc800 JavaThread "Asynchronous log dispatcher for DefaultDaemonConnection: socket connection from /127.0.0.1:55655 to /127.0.0.1:55656" [_thread_blocked, id=15160, stack(0x00000065a1500000,0x00000065a1600000)]
  0x0000017762c62800 JavaThread "Daemon worker" [_thread_in_Java, id=6056, stack(0x00000065a1400000,0x00000065a1500000)]
  0x0000017762c61800 JavaThread "Cancel handler" [_thread_blocked, id=17900, stack(0x00000065a1300000,0x00000065a1400000)]
  0x0000017762bcf800 JavaThread "Handler for socket connection from /127.0.0.1:55655 to /127.0.0.1:55656" [_thread_in_native, id=19560, stack(0x00000065a1200000,0x00000065a1300000)]
  0x0000017762bce800 JavaThread "Daemon" [_thread_blocked, id=18780, stack(0x00000065a1100000,0x00000065a1200000)]
  0x0000017762b9b800 JavaThread "Daemon periodic checks" [_thread_blocked, id=2068, stack(0x00000065a1000000,0x00000065a1100000)]
  0x0000017762b46800 JavaThread "Incoming local TCP Connector on port 55655" [_thread_in_native, id=13220, stack(0x00000065a0f00000,0x00000065a1000000)]
  0x0000017762a83000 JavaThread "Daemon health stats" [_thread_blocked, id=16652, stack(0x00000065a0e00000,0x00000065a0f00000)]
  0x000001776125b000 JavaThread "Service Thread" daemon [_thread_blocked, id=15848, stack(0x00000065a0c00000,0x00000065a0d00000)]
  0x000001775faa5800 JavaThread "C1 CompilerThread3" daemon [_thread_in_vm, id=8252, stack(0x00000065a0b00000,0x00000065a0c00000)]
  0x000001775fa96800 JavaThread "C2 CompilerThread2" daemon [_thread_in_native, id=1568, stack(0x00000065a0a00000,0x00000065a0b00000)]
  0x000001775fa8b800 JavaThread "C2 CompilerThread1" daemon [_thread_in_native, id=8268, stack(0x00000065a0900000,0x00000065a0a00000)]
=>0x000001775fa91800 JavaThread "C2 CompilerThread0" daemon [_thread_in_native, id=12396, stack(0x00000065a0800000,0x00000065a0900000)]
  0x000001775fa89000 JavaThread "Attach Listener" daemon [_thread_blocked, id=16932, stack(0x00000065a0700000,0x00000065a0800000)]
  0x000001775fa88000 JavaThread "Signal Dispatcher" daemon [_thread_blocked, id=5824, stack(0x00000065a0600000,0x00000065a0700000)]
  0x000001775fa56000 JavaThread "Finalizer" daemon [_thread_blocked, id=5552, stack(0x00000065a0500000,0x00000065a0600000)]
  0x000001775fa4b000 JavaThread "Reference Handler" daemon [_thread_blocked, id=22336, stack(0x00000065a0400000,0x00000065a0500000)]
  0x000001774c305000 JavaThread "main" [_thread_blocked, id=21340, stack(0x000000659f800000,0x000000659f900000)]

Other Threads:
  0x000001775fa23000 VMThread [stack: 0x00000065a0300000,0x00000065a0400000] [id=6000]
  0x000001776125c800 WatcherThread [stack: 0x00000065a0d00000,0x00000065a0e00000] [id=12572]

VM state:not at safepoint (normal execution)

VM Mutex/Monitor currently owned by a thread: None

heap address: 0x00000000e0000000, size: 512 MB, Compressed Oops mode: 32-bit
Narrow klass base: 0x0000000000000000, Narrow klass shift: 3
Compressed class space size: 1073741824 Address: 0x0000000100000000

Heap:
 PSYoungGen      total 160256K, used 89829K [0x00000000f5580000, 0x0000000100000000, 0x0000000100000000)
  eden space 145408K, 61% used [0x00000000f5580000,0x00000000fad394a8,0x00000000fe380000)
  from space 14848K, 0% used [0x00000000ff180000,0x00000000ff180000,0x0000000100000000)
  to   space 14336K, 0% used [0x00000000fe380000,0x00000000fe380000,0x00000000ff180000)
 ParOldGen       total 175104K, used 15504K [0x00000000e0000000, 0x00000000eab00000, 0x00000000f5580000)
  object space 175104K, 8% used [0x00000000e0000000,0x00000000e0f241e8,0x00000000eab00000)
 Metaspace       used 39993K, capacity 41908K, committed 41984K, reserved 1085440K
  class space    used 5735K, capacity 6129K, committed 6144K, reserved 1048576K

Card table byte_map: [0x000001775d020000,0x000001775d130000] byte_map_base: 0x000001775c920000

Marking Bits: (ParMarkBitMap*) 0x0000000065942850
 Begin Bits: [0x000001775d1e0000, 0x000001775d9e0000)
 End Bits:   [0x000001775d9e0000, 0x000001775e1e0000)

Polling page: 0x000001774c480000

CodeCache: size=245760Kb used=12349Kb max_used=12349Kb free=233410Kb
 bounds [0x000001774dc60000, 0x000001774e880000, 0x000001775cc60000]
 total_blobs=3987 nmethods=3261 adapters=636
 compilation: enabled

Compilation events (10 events):
Event: 2.268 Thread 0x000001775faa5800 3255       1       org.apache.commons.lang.text.StrBuilder::length (5 bytes)
Event: 2.268 Thread 0x000001775faa5800 nmethod 3255 0x000001774e866c10 code [0x000001774e866d60, 0x000001774e866e78]
Event: 2.268 Thread 0x000001775faa5800 3256       1       com.google.common.cache.LocalCache$StrongValueReference::get (5 bytes)
Event: 2.268 Thread 0x000001775faa5800 nmethod 3256 0x000001774e866ed0 code [0x000001774e867020, 0x000001774e867138]
Event: 2.268 Thread 0x000001775faa5800 3253       3       sun.reflect.ClassFileAssembler::getLength (11 bytes)
Event: 2.268 Thread 0x000001775faa5800 nmethod 3253 0x000001774e867190 code [0x000001774e867300, 0x000001774e867518]
Event: 2.269 Thread 0x000001775faa5800 3257       3       sun.invoke.util.VerifyAccess$1::<init> (15 bytes)
Event: 2.269 Thread 0x000001775faa5800 nmethod 3257 0x000001774e867610 code [0x000001774e867760, 0x000001774e867938]
Event: 2.269 Thread 0x000001775faa5800 3258       3       sun.invoke.util.VerifyAccess$1::run (5 bytes)
Event: 2.269 Thread 0x000001775faa5800 nmethod 3258 0x000001774e8679d0 code [0x000001774e867b40, 0x000001774e867df0]

GC Heap History (10 events):
Event: 1.259 GC heap before
{Heap before GC invocations=4 (full 0):
 PSYoungGen      total 76288K, used 47810K [0x00000000f5580000, 0x00000000fea80000, 0x0000000100000000)
  eden space 65536K, 56% used [0x00000000f5580000,0x00000000f79dee78,0x00000000f9580000)
  from space 10752K, 98% used [0x00000000f9580000,0x00000000f9fd1b98,0x00000000fa000000)
  to   space 10752K, 0% used [0x00000000fe000000,0x00000000fe000000,0x00000000fea80000)
 ParOldGen       total 175104K, used 32K [0x00000000e0000000, 0x00000000eab00000, 0x00000000f5580000)
  object space 175104K, 0% used [0x00000000e0000000,0x00000000e0008000,0x00000000eab00000)
 Metaspace       used 20467K, capacity 21126K, committed 21296K, reserved 1067008K
  class space    used 3022K, capacity 3177K, committed 3200K, reserved 1048576K
Event: 1.263 GC heap after
Heap after GC invocations=4 (full 0):
 PSYoungGen      total 141824K, used 10267K [0x00000000f5580000, 0x00000000fea80000, 0x0000000100000000)
  eden space 131072K, 0% used [0x00000000f5580000,0x00000000f5580000,0x00000000fd580000)
  from space 10752K, 95% used [0x00000000fe000000,0x00000000fea06df8,0x00000000fea80000)
  to   space 10752K, 0% used [0x00000000fd580000,0x00000000fd580000,0x00000000fe000000)
 ParOldGen       total 175104K, used 40K [0x00000000e0000000, 0x00000000eab00000, 0x00000000f5580000)
  object space 175104K, 0% used [0x00000000e0000000,0x00000000e000a000,0x00000000eab00000)
 Metaspace       used 20467K, capacity 21126K, committed 21296K, reserved 1067008K
  class space    used 3022K, capacity 3177K, committed 3200K, reserved 1048576K
}
Event: 1.263 GC heap before
{Heap before GC invocations=5 (full 1):
 PSYoungGen      total 141824K, used 10267K [0x00000000f5580000, 0x00000000fea80000, 0x0000000100000000)
  eden space 131072K, 0% used [0x00000000f5580000,0x00000000f5580000,0x00000000fd580000)
  from space 10752K, 95% used [0x00000000fe000000,0x00000000fea06df8,0x00000000fea80000)
  to   space 10752K, 0% used [0x00000000fd580000,0x00000000fd580000,0x00000000fe000000)
 ParOldGen       total 175104K, used 40K [0x00000000e0000000, 0x00000000eab00000, 0x00000000f5580000)
  object space 175104K, 0% used [0x00000000e0000000,0x00000000e000a000,0x00000000eab00000)
 Metaspace       used 20467K, capacity 21126K, committed 21296K, reserved 1067008K
  class space    used 3022K, capacity 3177K, committed 3200K, reserved 1048576K
Event: 1.277 GC heap after
Heap after GC invocations=5 (full 1):
 PSYoungGen      total 141824K, used 0K [0x00000000f5580000, 0x00000000fea80000, 0x0000000100000000)
  eden space 131072K, 0% used [0x00000000f5580000,0x00000000f5580000,0x00000000fd580000)
  from space 10752K, 0% used [0x00000000fe000000,0x00000000fe000000,0x00000000fea80000)
  to   space 10752K, 0% used [0x00000000fd580000,0x00000000fd580000,0x00000000fe000000)
 ParOldGen       total 175104K, used 9910K [0x00000000e0000000, 0x00000000eab00000, 0x00000000f5580000)
  object space 175104K, 5% used [0x00000000e0000000,0x00000000e09ad9a0,0x00000000eab00000)
 Metaspace       used 20467K, capacity 21126K, committed 21296K, reserved 1067008K
  class space    used 3022K, capacity 3177K, committed 3200K, reserved 1048576K
}
Event: 1.809 GC heap before
{Heap before GC invocations=6 (full 1):
 PSYoungGen      total 141824K, used 131072K [0x00000000f5580000, 0x00000000fea80000, 0x0000000100000000)
  eden space 131072K, 100% used [0x00000000f5580000,0x00000000fd580000,0x00000000fd580000)
  from space 10752K, 0% used [0x00000000fe000000,0x00000000fe000000,0x00000000fea80000)
  to   space 10752K, 0% used [0x00000000fd580000,0x00000000fd580000,0x00000000fe000000)
 ParOldGen       total 175104K, used 9910K [0x00000000e0000000, 0x00000000eab00000, 0x00000000f5580000)
  object space 175104K, 5% used [0x00000000e0000000,0x00000000e09ad9a0,0x00000000eab00000)
 Metaspace       used 32197K, capacity 33550K, committed 33920K, reserved 1079296K
  class space    used 4574K, capacity 4876K, committed 4992K, reserved 1048576K
Event: 1.815 GC heap after
Heap after GC invocations=6 (full 1):
 PSYoungGen      total 141824K, used 10751K [0x00000000f5580000, 0x0000000100000000, 0x0000000100000000)
  eden space 131072K, 0% used [0x00000000f5580000,0x00000000f5580000,0x00000000fd580000)
  from space 10752K, 99% used [0x00000000fd580000,0x00000000fdfffdc0,0x00000000fe000000)
  to   space 14848K, 0% used [0x00000000ff180000,0x00000000ff180000,0x0000000100000000)
 ParOldGen       total 175104K, used 12101K [0x00000000e0000000, 0x00000000eab00000, 0x00000000f5580000)
  object space 175104K, 6% used [0x00000000e0000000,0x00000000e0bd1458,0x00000000eab00000)
 Metaspace       used 32197K, capacity 33550K, committed 33920K, reserved 1079296K
  class space    used 4574K, capacity 4876K, committed 4992K, reserved 1048576K
}
Event: 1.941 GC heap before
{Heap before GC invocations=7 (full 1):
 PSYoungGen      total 141824K, used 47329K [0x00000000f5580000, 0x0000000100000000, 0x0000000100000000)
  eden space 131072K, 27% used [0x00000000f5580000,0x00000000f79389e0,0x00000000fd580000)
  from space 10752K, 99% used [0x00000000fd580000,0x00000000fdfffdc0,0x00000000fe000000)
  to   space 14848K, 0% used [0x00000000ff180000,0x00000000ff180000,0x0000000100000000)
 ParOldGen       total 175104K, used 12101K [0x00000000e0000000, 0x00000000eab00000, 0x00000000f5580000)
  object space 175104K, 6% used [0x00000000e0000000,0x00000000e0bd1458,0x00000000eab00000)
 Metaspace       used 33965K, capacity 35334K, committed 35456K, reserved 1079296K
  class space    used 4844K, capacity 5158K, committed 5248K, reserved 1048576K
Event: 1.945 GC heap after
Heap after GC invocations=7 (full 1):
 PSYoungGen      total 160256K, used 8187K [0x00000000f5580000, 0x0000000100000000, 0x0000000100000000)
  eden space 145408K, 0% used [0x00000000f5580000,0x00000000f5580000,0x00000000fe380000)
  from space 14848K, 55% used [0x00000000ff180000,0x00000000ff97ef68,0x0000000100000000)
  to   space 14336K, 0% used [0x00000000fe380000,0x00000000fe380000,0x00000000ff180000)
 ParOldGen       total 175104K, used 12109K [0x00000000e0000000, 0x00000000eab00000, 0x00000000f5580000)
  object space 175104K, 6% used [0x00000000e0000000,0x00000000e0bd3458,0x00000000eab00000)
 Metaspace       used 33965K, capacity 35334K, committed 35456K, reserved 1079296K
  class space    used 4844K, capacity 5158K, committed 5248K, reserved 1048576K
}
Event: 1.945 GC heap before
{Heap before GC invocations=8 (full 2):
 PSYoungGen      total 160256K, used 8187K [0x00000000f5580000, 0x0000000100000000, 0x0000000100000000)
  eden space 145408K, 0% used [0x00000000f5580000,0x00000000f5580000,0x00000000fe380000)
  from space 14848K, 55% used [0x00000000ff180000,0x00000000ff97ef68,0x0000000100000000)
  to   space 14336K, 0% used [0x00000000fe380000,0x00000000fe380000,0x00000000ff180000)
 ParOldGen       total 175104K, used 12109K [0x00000000e0000000, 0x00000000eab00000, 0x00000000f5580000)
  object space 175104K, 6% used [0x00000000e0000000,0x00000000e0bd3458,0x00000000eab00000)
 Metaspace       used 33965K, capacity 35334K, committed 35456K, reserved 1079296K
  class space    used 4844K, capacity 5158K, committed 5248K, reserved 1048576K
Event: 1.966 GC heap after
Heap after GC invocations=8 (full 2):
 PSYoungGen      total 160256K, used 0K [0x00000000f5580000, 0x0000000100000000, 0x0000000100000000)
  eden space 145408K, 0% used [0x00000000f5580000,0x00000000f5580000,0x00000000fe380000)
  from space 14848K, 0% used [0x00000000ff180000,0x00000000ff180000,0x0000000100000000)
  to   space 14336K, 0% used [0x00000000fe380000,0x00000000fe380000,0x00000000ff180000)
 ParOldGen       total 175104K, used 15504K [0x00000000e0000000, 0x00000000eab00000, 0x00000000f5580000)
  object space 175104K, 8% used [0x00000000e0000000,0x00000000e0f241e8,0x00000000eab00000)
 Metaspace       used 33965K, capacity 35334K, committed 35456K, reserved 1079296K
  class space    used 4844K, capacity 5158K, committed 5248K, reserved 1048576K
}

Deoptimization events (10 events):
Event: 1.990 Thread 0x0000017762c62800 Uncommon trap: reason=unstable_if action=reinterpret pc=0x000001774e6338d8 method=java.util.HashMap.getNode(ILjava/lang/Object;)Ljava/util/HashMap$Node; @ 53
Event: 1.992 Thread 0x0000017762c62800 Uncommon trap: reason=unstable_if action=reinterpret pc=0x000001774e3ee1a0 method=org.gradle.internal.reflect.PropertyAccessorType.isGetGetterName(Ljava/lang/String;)Z @ 14
Event: 2.001 Thread 0x0000017762c62800 Uncommon trap: reason=unstable_if action=reinterpret pc=0x000001774e3da700 method=org.objectweb.asm.ByteVector.putShort(I)Lorg/objectweb/asm/ByteVector; @ 13
Event: 2.058 Thread 0x0000017762c62800 Uncommon trap: reason=bimorphic action=maybe_recompile pc=0x000001774e2e0648 method=com.google.common.base.CharMatcher.indexIn(Ljava/lang/CharSequence;I)I @ 31
Event: 2.071 Thread 0x0000017762c62800 Uncommon trap: reason=range_check action=make_not_entrant pc=0x000001774e6deabc method=java.lang.String.charAt(I)C @ 27
Event: 2.077 Thread 0x0000017762c62800 Uncommon trap: reason=bimorphic action=maybe_recompile pc=0x000001774e2e0648 method=com.google.common.base.CharMatcher.indexIn(Ljava/lang/CharSequence;I)I @ 31
Event: 2.182 Thread 0x0000017762c62800 Uncommon trap: reason=unstable_if action=reinterpret pc=0x000001774e00bd48 method=java.lang.AbstractStringBuilder.append(Ljava/lang/String;)Ljava/lang/AbstractStringBuilder; @ 1
Event: 2.186 Thread 0x0000017762c62800 Uncommon trap: reason=unstable_if action=reinterpret pc=0x000001774e7c76cc method=com.google.common.reflect.TypeResolver$TypeVariableKey.equalsTypeVariable(Ljava/lang/reflect/TypeVariable;)Z @ 39
Event: 2.198 Thread 0x0000017762c62800 Uncommon trap: reason=predicate action=maybe_recompile pc=0x000001774e67cecc method=java.util.Arrays.binarySearch0([Ljava/lang/Object;IILjava/lang/Object;Ljava/util/Comparator;)I @ 28
Event: 2.211 Thread 0x0000017762c62800 Uncommon trap: reason=unstable_if action=reinterpret pc=0x000001774e6d22c8 method=java.security.CodeSource.hashCode()I @ 4

Classes redefined (0 events):
No events

Internal exceptions (10 events):
Event: 2.051 Thread 0x0000017762c62800 Exception <a 'java/lang/ClassNotFoundException': build_7rq3gajad5ffj5z30nuxlh5clBeanInfo> (0x00000000f6d6edd8) thrown at [J:\jenkins\tmp\workspace\build\src\hotspot\src\share\vm\classfile\systemDictionary.cpp, line 217]
Event: 2.051 Thread 0x0000017762c62800 Exception <a 'java/lang/ClassNotFoundException': org/gradle/api/internal/project/ProjectScriptBeanInfo> (0x00000000f6d92328) thrown at [J:\jenkins\tmp\workspace\build\src\hotspot\src\share\vm\classfile\systemDictionary.cpp, line 217]
Event: 2.051 Thread 0x0000017762c62800 Exception <a 'java/lang/ClassNotFoundException': org/gradle/api/internal/project/ProjectScriptCustomizer> (0x00000000f6db62e8) thrown at [J:\jenkins\tmp\workspace\build\src\hotspot\src\share\vm\classfile\systemDictionary.cpp, line 217]
Event: 2.052 Thread 0x0000017762c62800 Exception <a 'java/lang/ClassNotFoundException': build_7rq3gajad5ffj5z30nuxlh5clCustomizer> (0x00000000f6ddab08) thrown at [J:\jenkins\tmp\workspace\build\src\hotspot\src\share\vm\classfile\systemDictionary.cpp, line 217]
Event: 2.055 Thread 0x0000017762c62800 Exception <a 'java/lang/ClassNotFoundException': org/gradle/internal/metaobject/ConfigureDelegateBeanInfo> (0x00000000f6f6b3d0) thrown at [J:\jenkins\tmp\workspace\build\src\hotspot\src\share\vm\classfile\systemDictionary.cpp, line 217]
Event: 2.056 Thread 0x0000017762c62800 Exception <a 'java/lang/ClassNotFoundException': org/gradle/internal/metaobject/ConfigureDelegateCustomizer> (0x00000000f6fa3330) thrown at [J:\jenkins\tmp\workspace\build\src\hotspot\src\share\vm\classfile\systemDictionary.cpp, line 217]
Event: 2.057 Thread 0x0000017762c62800 Exception <a 'java/lang/ClassNotFoundException': org/gradle/plugin/use/internal/PluginRequestCollector$PluginDependenciesSpecImplBeanInfo> (0x00000000f7032958) thrown at [J:\jenkins\tmp\workspace\build\src\hotspot\src\share\vm\classfile\systemDictionary.c
Event: 2.057 Thread 0x0000017762c62800 Exception <a 'java/lang/ClassNotFoundException': org/gradle/plugin/use/internal/PluginRequestCollector$PluginDependenciesSpecImplCustomizer> (0x00000000f7080030) thrown at [J:\jenkins\tmp\workspace\build\src\hotspot\src\share\vm\classfile\systemDictionary
Event: 2.182 Thread 0x0000017762c62800 Implicit null exception at 0x000001774e00b996 to 0x000001774e00bd31
Event: 2.211 Thread 0x0000017762c62800 Implicit null exception at 0x000001774e6d1fd5 to 0x000001774e6d22b9

Events (10 events):
Event: 2.269 loading class org/gradle/api/artifacts/ConfigurablePublishArtifact
Event: 2.269 loading class org/gradle/api/artifacts/ConfigurablePublishArtifact done
Event: 2.269 loading class org/gradle/api/Action
Event: 2.269 loading class org/gradle/api/Action done
Event: 2.269 loading class org/gradle/api/Action
Event: 2.269 loading class org/gradle/api/Action done
Event: 2.269 loading class org/gradle/api/internal/artifacts/configurations/DefaultConfigurationPublications
Event: 2.269 loading class org/gradle/api/internal/artifacts/configurations/DefaultConfigurationPublications done
Event: 2.269 loading class org/gradle/api/internal/provider/AbstractCollectionProperty$CollectingSupplier
Event: 2.269 loading class org/gradle/api/internal/provider/AbstractCollectionProperty$CollectingSupplier done


Dynamic libraries:
0x00007ff6629c0000 - 0x00007ff6629fa000 	C:\Program Files\Eclipse Adoptium\jdk-8.0.345.1-hotspot\bin\java.exe
0x00007fff02f40000 - 0x00007fff03149000 	C:\WINDOWS\SYSTEM32\ntdll.dll
0x00007fff027a0000 - 0x00007fff0285d000 	C:\WINDOWS\System32\KERNEL32.DLL
0x00007fff004c0000 - 0x00007fff0083d000 	C:\WINDOWS\System32\KERNELBASE.dll
0x00007fff02860000 - 0x00007fff0290e000 	C:\WINDOWS\System32\ADVAPI32.dll
0x00007fff02af0000 - 0x00007fff02b93000 	C:\WINDOWS\System32\msvcrt.dll
0x00007fff02920000 - 0x00007fff029be000 	C:\WINDOWS\System32\sechost.dll
0x00007fff02ba0000 - 0x00007fff02cc0000 	C:\WINDOWS\System32\RPCRT4.dll
0x00007fff01c30000 - 0x00007fff01ddd000 	C:\WINDOWS\System32\USER32.dll
0x00007fff00840000 - 0x00007fff00866000 	C:\WINDOWS\System32\win32u.dll
0x00007fff024c0000 - 0x00007fff024e9000 	C:\WINDOWS\System32\GDI32.dll
0x00007fff00ad0000 - 0x00007fff00be8000 	C:\WINDOWS\System32\gdi32full.dll
0x00007fff00420000 - 0x00007fff004bd000 	C:\WINDOWS\System32\msvcp_win.dll
0x00007fff009b0000 - 0x00007fff00ac1000 	C:\WINDOWS\System32\ucrtbase.dll
0x00007ffeec5a0000 - 0x00007ffeec845000 	C:\WINDOWS\WinSxS\amd64_microsoft.windows.common-controls_6595b64144ccf1df_6.0.22000.120_none_9d947278b86cc467\COMCTL32.dll
0x00007fff02d20000 - 0x00007fff02d51000 	C:\WINDOWS\System32\IMM32.DLL
0x00007ffee14a0000 - 0x00007ffee158f000 	C:\Program Files\Eclipse Adoptium\jdk-8.0.345.1-hotspot\jre\bin\msvcr120.dll
0x00007ffed6ca0000 - 0x00007ffed6d46000 	C:\Program Files\Eclipse Adoptium\jdk-8.0.345.1-hotspot\jre\bin\msvcp120.dll
0x0000000065150000 - 0x00000000659c1000 	C:\Program Files\Eclipse Adoptium\jdk-8.0.345.1-hotspot\jre\bin\server\jvm.dll
0x00007fff02910000 - 0x00007fff02918000 	C:\WINDOWS\System32\PSAPI.DLL
0x00007ffef0610000 - 0x00007ffef0619000 	C:\WINDOWS\SYSTEM32\WSOCK32.dll
0x00007ffeff330000 - 0x00007ffeff33a000 	C:\WINDOWS\SYSTEM32\VERSION.dll
0x00007ffef8040000 - 0x00007ffef8073000 	C:\WINDOWS\SYSTEM32\WINMM.dll
0x00007fff01e00000 - 0x00007fff01e6f000 	C:\WINDOWS\System32\WS2_32.dll
0x00007ffefcc60000 - 0x00007ffefcc6f000 	C:\Program Files\Eclipse Adoptium\jdk-8.0.345.1-hotspot\jre\bin\verify.dll
0x00007ffee48a0000 - 0x00007ffee48c9000 	C:\Program Files\Eclipse Adoptium\jdk-8.0.345.1-hotspot\jre\bin\java.dll
0x00007ffef0700000 - 0x00007ffef0716000 	C:\Program Files\Eclipse Adoptium\jdk-8.0.345.1-hotspot\jre\bin\zip.dll
0x00007fff01240000 - 0x00007fff019f8000 	C:\WINDOWS\System32\SHELL32.dll
0x00007ffefea40000 - 0x00007ffeff2a8000 	C:\WINDOWS\SYSTEM32\windows.storage.dll
0x00007fff00e40000 - 0x00007fff011b9000 	C:\WINDOWS\System32\combase.dll
0x00007ffefe8d0000 - 0x00007ffefea36000 	C:\WINDOWS\SYSTEM32\wintypes.dll
0x00007fff01e70000 - 0x00007fff01f5a000 	C:\WINDOWS\System32\SHCORE.dll
0x00007fff02cc0000 - 0x00007fff02d1d000 	C:\WINDOWS\System32\shlwapi.dll
0x00007fff00350000 - 0x00007fff00371000 	C:\WINDOWS\SYSTEM32\profapi.dll
0x00007ffef06c0000 - 0x00007ffef06da000 	C:\Program Files\Eclipse Adoptium\jdk-8.0.345.1-hotspot\jre\bin\net.dll
0x00007ffeffa40000 - 0x00007ffeffaa7000 	C:\WINDOWS\system32\mswsock.dll
0x00007ffee9b90000 - 0x00007ffee9ba2000 	C:\Program Files\Eclipse Adoptium\jdk-8.0.345.1-hotspot\jre\bin\nio.dll
0x00007ffee9c60000 - 0x00007ffee9c87000 	C:\Users\Dallas\.gradle\native\e1d6ef7f7dcc3fd88c89a11ec53ec762bb8ba0a96d01ffa2cd45eb1d1d8dd5c5\windows-amd64\native-platform.dll
0x00007ffed52b0000 - 0x00007ffed53f4000 	C:\Users\Dallas\.gradle\native\0d407fdbe67a94daf76414ababcb853783967236a71b16ec16e742cd7a986fd3\windows-amd64\native-platform-file-events.dll
0x00007ffef0670000 - 0x00007ffef067d000 	C:\Program Files\Eclipse Adoptium\jdk-8.0.345.1-hotspot\jre\bin\management.dll
0x00007ffeffc90000 - 0x00007ffeffca8000 	C:\WINDOWS\SYSTEM32\CRYPTSP.dll
0x00007ffeff570000 - 0x00007ffeff5a5000 	C:\WINDOWS\system32\rsaenh.dll
0x00007ffeffb30000 - 0x00007ffeffb59000 	C:\WINDOWS\SYSTEM32\USERENV.dll
0x00007ffeffe00000 - 0x00007ffeffe27000 	C:\WINDOWS\SYSTEM32\bcrypt.dll
0x00007fff00870000 - 0x00007fff008ef000 	C:\WINDOWS\System32\bcryptprimitives.dll
0x00007ffeffc80000 - 0x00007ffeffc8c000 	C:\WINDOWS\SYSTEM32\CRYPTBASE.dll
0x00007ffefe4b0000 - 0x00007ffefe4dd000 	C:\WINDOWS\SYSTEM32\IPHLPAPI.DLL
0x00007fff024b0000 - 0x00007fff024b9000 	C:\WINDOWS\System32\NSI.dll
0x00007ffef98d0000 - 0x00007ffef98e9000 	C:\WINDOWS\SYSTEM32\dhcpcsvc6.DLL
0x00007ffef9d30000 - 0x00007ffef9d4e000 	C:\WINDOWS\SYSTEM32\dhcpcsvc.DLL
0x00007ffefe4e0000 - 0x00007ffefe5c8000 	C:\WINDOWS\SYSTEM32\DNSAPI.dll

VM Arguments:
jvm_args: -XX:MaxMetaspaceSize=256m -XX:+HeapDumpOnOutOfMemoryError -Xms256m -Xmx512m -Dfile.encoding=windows-1252 -Duser.country=US -Duser.language=en -Duser.variant 
java_command: org.gradle.launcher.daemon.bootstrap.GradleDaemon 7.4
java_class_path (initial): C:\Users\Dallas\.gradle\wrapper\dists\gradle-7.4-bin\c0gwcg53nkjbqw7r0h0umtfvt\gradle-7.4\lib\gradle-launcher-7.4.jar
Launcher Type: SUN_STANDARD

Environment Variables:
JAVA_HOME=C:\Program Files\Eclipse Adoptium\jdk-8.0.345.1-hotspot\
PATH=C:\Program Files\Common Files\Oracle\Java\javapath;C:\Program Files\Eclipse Adoptium\jdk-8.0.345.1-hotspot\bin;"C:\Program Files (x86)\Java\jre1.8.0_341\bin\java;";C:\Users\Dallas\AppData\Local\Packages\PythonSoftwareFoundation.Python.3.9_qbz5n2kfra8p0\LocalCache\local-packages\Python39\Scripts;C:\Users\Dallas\AppData\Local\Microsoft\WindowsApps;
USERNAME=Dallas
OS=Windows_NT
PROCESSOR_IDENTIFIER=AMD64 Family 25 Model 33 Stepping 2, AuthenticAMD



---------------  S Y S T E M  ---------------

OS: Windows 10.0 , 64 bit Build 22000 (10.0.22000.708)

CPU:total 12 (initial active 12) (12 cores per cpu, 1 threads per core) family 25 model 33 stepping 2, cmov, cx8, fxsr, mmx, sse, sse2, sse3, ssse3, sse4.1, sse4.2, popcnt, avx, avx2, aes, clmul, erms, mmxext, 3dnowpref, lzcnt, sse4a, tsc, tscinvbit, tscinv, bmi1

Memory: 4k page, physical 16700664k(2088256k free), swap 16700664k(5388k free)

vm_info: OpenJDK 64-Bit Server VM (25.345-b01) for windows-amd64 JRE (1.8.0_345-b01), built on Aug  2 2022 10:16:38 by "jenkins" with MS VC++ 12.0 (VS2013)

time: Sat Sep 10 22:50:53 2022
timezone: Central Daylight Time
elapsed time: 2.274250 seconds (0d 0h 0m 2s)

